<?xml version="1.0" encoding="UTF-8"?>
<testsuite name="com.bridgeLabz.NIOFileAPITest" tests="1" skipped="0" failures="0" errors="0" timestamp="2021-05-09T13:33:52" hostname="RAKESH" time="0.193">
  <properties/>
  <testcase name="givenPathWhenCheckedThenConfirm()" classname="com.bridgeLabz.NIOFileAPITest" time="0.193"/>
  <system-out><![CDATA[C:\Users\User\PlayGround\temp1
C:\Users\User\PlayGround\temp1
C:\Users\User\PlayGround\temp1
C:\Users\User\PlayGround\temp2
C:\Users\User\PlayGround\temp1
C:\Users\User\PlayGround\temp2
C:\Users\User\PlayGround\temp1
C:\Users\User\PlayGround\temp2
C:\Users\User\PlayGround\temp3
C:\Users\User\PlayGround\temp1
C:\Users\User\PlayGround\temp2
C:\Users\User\PlayGround\temp3
C:\Users\User\PlayGround\temp1
C:\Users\User\PlayGround\temp2
C:\Users\User\PlayGround\temp3
C:\Users\User\PlayGround\temp4
C:\Users\User\PlayGround\temp1
C:\Users\User\PlayGround\temp2
C:\Users\User\PlayGround\temp3
C:\Users\User\PlayGround\temp4
C:\Users\User\PlayGround\temp1
C:\Users\User\PlayGround\temp2
C:\Users\User\PlayGround\temp3
C:\Users\User\PlayGround\temp4
C:\Users\User\PlayGround\temp5
C:\Users\User\PlayGround\temp1
C:\Users\User\PlayGround\temp2
C:\Users\User\PlayGround\temp3
C:\Users\User\PlayGround\temp4
C:\Users\User\PlayGround\temp5
C:\Users\User\PlayGround\temp1
C:\Users\User\PlayGround\temp2
C:\Users\User\PlayGround\temp3
C:\Users\User\PlayGround\temp4
C:\Users\User\PlayGround\temp5
C:\Users\User\PlayGround\temp6
C:\Users\User\PlayGround\temp1
C:\Users\User\PlayGround\temp2
C:\Users\User\PlayGround\temp3
C:\Users\User\PlayGround\temp4
C:\Users\User\PlayGround\temp5
C:\Users\User\PlayGround\temp6
C:\Users\User\PlayGround\temp1
C:\Users\User\PlayGround\temp2
C:\Users\User\PlayGround\temp3
C:\Users\User\PlayGround\temp4
C:\Users\User\PlayGround\temp5
C:\Users\User\PlayGround\temp6
C:\Users\User\PlayGround\temp7
C:\Users\User\PlayGround\temp1
C:\Users\User\PlayGround\temp2
C:\Users\User\PlayGround\temp3
C:\Users\User\PlayGround\temp4
C:\Users\User\PlayGround\temp5
C:\Users\User\PlayGround\temp6
C:\Users\User\PlayGround\temp7
C:\Users\User\PlayGround\temp1
C:\Users\User\PlayGround\temp2
C:\Users\User\PlayGround\temp3
C:\Users\User\PlayGround\temp4
C:\Users\User\PlayGround\temp5
C:\Users\User\PlayGround\temp6
C:\Users\User\PlayGround\temp7
C:\Users\User\PlayGround\temp8
C:\Users\User\PlayGround\temp1
C:\Users\User\PlayGround\temp2
C:\Users\User\PlayGround\temp3
C:\Users\User\PlayGround\temp4
C:\Users\User\PlayGround\temp5
C:\Users\User\PlayGround\temp6
C:\Users\User\PlayGround\temp7
C:\Users\User\PlayGround\temp8
C:\Users\User\PlayGround\temp1
C:\Users\User\PlayGround\temp2
C:\Users\User\PlayGround\temp3
C:\Users\User\PlayGround\temp4
C:\Users\User\PlayGround\temp5
C:\Users\User\PlayGround\temp6
C:\Users\User\PlayGround\temp7
C:\Users\User\PlayGround\temp8
C:\Users\User\PlayGround\temp9
C:\Users\User\PlayGround\temp1
C:\Users\User\PlayGround\temp2
C:\Users\User\PlayGround\temp3
C:\Users\User\PlayGround\temp4
C:\Users\User\PlayGround\temp5
C:\Users\User\PlayGround\temp6
C:\Users\User\PlayGround\temp7
C:\Users\User\PlayGround\temp8
C:\Users\User\PlayGround\temp9
]]></system-out>
  <system-err><![CDATA[]]></system-err>
</testsuite>
